<?xml version="1.0" encoding="UTF-8"?>
<!-- Generated by org.testng.reporters.JUnitReportReporter -->
<testsuite hostname="LAPTOP-3289GG6B" failures="0" tests="1" name="Practice.WriteResponseAsByte" time="4.258" errors="0" timestamp="2023-01-03T17:39:40 IST" skipped="0">
  <testcase classname="Practice.WriteResponseAsByte" name="writedata" time="4.258"/>
  <system-out/>
</testsuite> <!-- Practice.WriteResponseAsByte -->
