<?xml version="1.0" encoding="UTF-8"?>
<!-- Generated by org.testng.reporters.JUnitReportReporter -->
<testsuite hostname="LAPTOP-3289GG6B" failures="0" tests="1" name="CRUDWithBDD.UploadThobra" time="6.299" errors="0" timestamp="2022-12-28T15:43:21 IST" skipped="0">
  <testcase classname="CRUDWithBDD.UploadThobra" name="uploadmari" time="6.299"/>
  <system-out/>
</testsuite> <!-- CRUDWithBDD.UploadThobra -->
