<?xml version="1.0" encoding="UTF-8"?>
<!-- Generated by org.testng.reporters.JUnitReportReporter -->
<testsuite hostname="LAPTOP-3289GG6B" failures="0" tests="1" name="CRUDWithBDD.PostReqres" time="3.370" errors="0" timestamp="2022-12-28T15:30:17 IST" skipped="0">
  <testcase classname="CRUDWithBDD.PostReqres" name="createuser" time="3.370"/>
  <system-out/>
</testsuite> <!-- CRUDWithBDD.PostReqres -->
