<?xml version="1.0" encoding="UTF-8"?>
<!-- Generated by org.testng.reporters.JUnitReportReporter -->
<testsuite hostname="LAPTOP-3289GG6B" failures="0" tests="1" name="CRUDWithBDD.AddFourthProject" time="1.629" errors="0" timestamp="2022-12-28T10:29:37 IST" skipped="0">
  <testcase classname="CRUDWithBDD.AddFourthProject" name="addFirst" time="1.629"/>
  <system-out/>
</testsuite> <!-- CRUDWithBDD.AddFourthProject -->
