<?xml version="1.0" encoding="UTF-8"?>
<!-- Generated by org.testng.reporters.JUnitReportReporter -->
<testsuite hostname="LAPTOP-3289GG6B" failures="0" tests="1" name="Autication.Auth2" time="3.993" errors="0" timestamp="2023-01-02T18:12:12 IST" skipped="0">
  <testcase classname="Autication.Auth2" name="authentication" time="3.993"/>
  <system-out/>
</testsuite> <!-- Autication.Auth2 -->
