<?xml version="1.0" encoding="UTF-8"?>
<!-- Generated by org.testng.reporters.JUnitReportReporter -->
<testsuite hostname="LAPTOP-3289GG6B" failures="0" tests="1" name="RequestUsingframWorkComponent.AddProject" time="0.927" errors="0" timestamp="2023-01-04T12:59:13 IST" skipped="0">
  <testcase classname="RequestUsingframWorkComponent.AddProject" name="addProject" time="0.927"/>
  <system-out/>
</testsuite> <!-- RequestUsingframWorkComponent.AddProject -->
