<?xml version="1.0" encoding="UTF-8"?>
<!-- Generated by org.testng.reporters.JUnitReportReporter -->
<testsuite hostname="LAPTOP-3289GG6B" failures="0" tests="1" name="SdetYoutube.GetAllCookies" time="1.974" errors="0" timestamp="2023-01-30T12:53:36 IST" skipped="0">
  <testcase classname="SdetYoutube.GetAllCookies" name="getcookies" time="1.974"/>
  <system-out/>
</testsuite> <!-- SdetYoutube.GetAllCookies -->
