<?xml version="1.0" encoding="UTF-8"?>
<!-- Generated by org.testng.reporters.JUnitReportReporter -->
<testsuite hostname="LAPTOP-3289GG6B" failures="0" tests="1" name="CRUDWithBDD.AddThiredProject" time="2.227" errors="0" timestamp="2022-12-27T23:24:51 IST" skipped="0">
  <testcase classname="CRUDWithBDD.AddThiredProject" name="addFirst" time="2.227"/>
  <system-out/>
</testsuite> <!-- CRUDWithBDD.AddThiredProject -->
