<?xml version="1.0" encoding="UTF-8"?>
<!-- Generated by org.testng.reporters.JUnitReportReporter -->
<testsuite hostname="LAPTOP-3289GG6B" failures="0" tests="1" name="Reqres.GetALLUser" time="2.423" errors="0" timestamp="2022-12-31T13:10:26 IST" skipped="0">
  <testcase classname="Reqres.GetALLUser" name="postAllUser" time="2.423"/>
  <system-out/>
</testsuite> <!-- Reqres.GetALLUser -->
