<?xml version="1.0" encoding="UTF-8"?>
<!-- Generated by org.testng.reporters.JUnitReportReporter -->
<testsuite hostname="LAPTOP-3289GG6B" failures="0" tests="1" name="Validation.TimeValidation" time="1.218" errors="0" timestamp="2022-12-29T17:35:49 IST" skipped="0">
  <testcase classname="Validation.TimeValidation" name="timevalid" time="1.218"/>
  <system-out/>
</testsuite> <!-- Validation.TimeValidation -->
