<?xml version="1.0" encoding="UTF-8"?>
<!-- Generated by org.testng.reporters.JUnitReportReporter -->
<testsuite hostname="LAPTOP-3289GG6B" failures="0" tests="1" name="RequestChanning.Requres1st" time="3.565" errors="0" timestamp="2023-01-01T14:24:43 IST" skipped="0">
  <testcase classname="RequestChanning.Requres1st" name="requestchain" time="3.565"/>
  <system-out/>
</testsuite> <!-- RequestChanning.Requres1st -->
