<?xml version="1.0" encoding="UTF-8"?>
<!-- Generated by org.testng.reporters.JUnitReportReporter -->
<testsuite hostname="LAPTOP-3289GG6B" failures="0" tests="1" name="SdetYoutube.Parameters" time="3.304" errors="0" timestamp="2023-01-30T11:33:42 IST" skipped="0">
  <testcase classname="SdetYoutube.Parameters" name="param" time="3.304"/>
  <system-out/>
</testsuite> <!-- SdetYoutube.Parameters -->
