<?xml version="1.0" encoding="UTF-8"?>
<!-- Generated by org.testng.reporters.JUnitReportReporter -->
<testsuite hostname="LAPTOP-3289GG6B" failures="0" tests="1" name="EndToEndScenario.GetSingleProj" time="1.728" errors="0" timestamp="2023-01-04T17:27:44 IST" skipped="0">
  <testcase classname="EndToEndScenario.GetSingleProj" name="getSingleproject" time="1.728"/>
  <system-out/>
</testsuite> <!-- EndToEndScenario.GetSingleProj -->
