<?xml version="1.0" encoding="UTF-8"?>
<!-- Generated by org.testng.reporters.JUnitReportReporter -->
<testsuite hostname="LAPTOP-3289GG6B" failures="0" tests="1" name="Validation.StaticBodyValidationn" time="1.612" errors="0" timestamp="2022-12-29T13:22:25 IST" skipped="0">
  <testcase classname="Validation.StaticBodyValidationn" name="getProject" time="1.612"/>
  <system-out/>
</testsuite> <!-- Validation.StaticBodyValidationn -->
