<?xml version="1.0" encoding="UTF-8"?>
<!-- Generated by org.testng.reporters.JUnitReportReporter -->
<testsuite hostname="LAPTOP-3289GG6B" failures="0" tests="1" name="SerializationOfEmployeDetails" time="0.143" errors="0" timestamp="2022-12-26T15:54:05 IST" skipped="0">
  <testcase classname="SerializationOfEmployeDetails" name="serializationEmpDetails" time="0.143"/>
  <system-out/>
</testsuite> <!-- SerializationOfEmployeDetails -->
