<?xml version="1.0" encoding="UTF-8"?>
<!-- Generated by org.testng.reporters.JUnitReportReporter -->
<testsuite hostname="LAPTOP-3289GG6B" failures="0" tests="1" name="Validation.DynamicBodyValidations" time="1.734" errors="0" timestamp="2022-12-29T17:09:48 IST" skipped="0">
  <testcase classname="Validation.DynamicBodyValidations" name="Bodyvalidation" time="1.734"/>
  <system-out/>
</testsuite> <!-- Validation.DynamicBodyValidations -->
