<?xml version="1.0" encoding="UTF-8"?>
<!-- Generated by org.testng.reporters.JUnitReportReporter -->
<testsuite hostname="LAPTOP-3289GG6B" failures="0" tests="1" name="Reqres.PostUserUsingJSB" time="3.663" errors="0" timestamp="2023-01-02T12:04:00 IST" skipped="0">
  <testcase classname="Reqres.PostUserUsingJSB" name="postuser" time="3.663"/>
  <system-out/>
</testsuite> <!-- Reqres.PostUserUsingJSB -->
