<?xml version="1.0" encoding="UTF-8"?>
<!-- Generated by org.testng.reporters.JUnitReportReporter -->
<testsuite hostname="LAPTOP-3289GG6B" failures="0" tests="1" name="Autication.Auth21stApi" time="4.376" errors="0" timestamp="2023-01-03T11:31:23 IST" skipped="0">
  <testcase classname="Autication.Auth21stApi" name="authentication" time="4.376"/>
  <system-out/>
</testsuite> <!-- Autication.Auth21stApi -->
