<?xml version="1.0" encoding="UTF-8"?>
<!-- Generated by org.testng.reporters.JUnitReportReporter -->
<testsuite hostname="LAPTOP-3289GG6B" failures="0" tests="1" name="CRUDWithBDD.AddProjectWithPOJOClass" time="1.399" errors="0" timestamp="2022-12-28T12:53:58 IST" skipped="0">
  <testcase classname="CRUDWithBDD.AddProjectWithPOJOClass" name="projectadd" time="1.399"/>
  <system-out/>
</testsuite> <!-- CRUDWithBDD.AddProjectWithPOJOClass -->
