<?xml version="1.0" encoding="UTF-8"?>
<!-- Generated by org.testng.reporters.JUnitReportReporter -->
<testsuite hostname="LAPTOP-3289GG6B" failures="0" tests="1" name="CRUDWithBDD.UpdateProject" time="1.378" errors="0" timestamp="2022-12-28T10:59:19 IST" skipped="0">
  <testcase classname="CRUDWithBDD.UpdateProject" name="projectupdate" time="1.378"/>
  <system-out/>
</testsuite> <!-- CRUDWithBDD.UpdateProject -->
