<?xml version="1.0" encoding="UTF-8"?>
<!-- Generated by org.testng.reporters.JUnitReportReporter -->
<testsuite hostname="LAPTOP-3289GG6B" failures="0" tests="1" name="RequestChanning.Requrs2ndGetUser" time="3.528" errors="0" timestamp="2023-01-01T14:38:16 IST" skipped="0">
  <testcase classname="RequestChanning.Requrs2ndGetUser" name="getuser" time="3.528"/>
  <system-out/>
</testsuite> <!-- RequestChanning.Requrs2ndGetUser -->
