<?xml version="1.0" encoding="UTF-8"?>
<!-- Generated by org.testng.reporters.JUnitReportReporter -->
<testsuite hostname="LAPTOP-3289GG6B" failures="0" tests="1" name="SdetYoutube.Cookie" time="1.793" errors="0" timestamp="2023-01-30T12:45:11 IST" skipped="0">
  <testcase classname="SdetYoutube.Cookie" name="getCookiesInfo" time="1.793"/>
  <system-out/>
</testsuite> <!-- SdetYoutube.Cookie -->
