<?xml version="1.0" encoding="UTF-8"?>
<!-- Generated by org.testng.reporters.JUnitReportReporter -->
<testsuite hostname="LAPTOP-3289GG6B" failures="0" tests="1" name="CRUD.GetProject" time="1.965" errors="0" timestamp="2022-12-27T23:10:03 IST" skipped="0">
  <testcase classname="CRUD.GetProject" name="Getrealme" time="1.965"/>
  <system-out/>
</testsuite> <!-- CRUD.GetProject -->
