<?xml version="1.0" encoding="UTF-8"?>
<!-- Generated by org.testng.reporters.JUnitReportReporter -->
<testsuite hostname="LAPTOP-3289GG6B" failures="0" tests="1" name="Practice.WriteResponeAsByte" time="4.664" errors="0" timestamp="2023-01-03T15:00:58 IST" skipped="0">
  <testcase classname="Practice.WriteResponeAsByte" name="responsewrite" time="4.664"/>
  <system-out/>
</testsuite> <!-- Practice.WriteResponeAsByte -->
