<?xml version="1.0" encoding="UTF-8"?>
<!-- Generated by org.testng.reporters.JUnitReportReporter -->
<testsuite hostname="LAPTOP-3289GG6B" failures="0" tests="1" name="Reqres.GetAllResponseValidation" time="3.141" errors="0" timestamp="2023-01-01T13:10:40 IST" skipped="0">
  <testcase classname="Reqres.GetAllResponseValidation" name="Uservalidate" time="3.141"/>
  <system-out/>
</testsuite> <!-- Reqres.GetAllResponseValidation -->
