<?xml version="1.0" encoding="UTF-8"?>
<!-- Generated by org.testng.reporters.JUnitReportReporter -->
<testsuite hostname="LAPTOP-3289GG6B" failures="0" tests="1" name="Practice.WriteResponseWithInput" time="3.577" errors="0" timestamp="2023-01-03T21:49:39 IST" skipped="0">
  <testcase classname="Practice.WriteResponseWithInput" name="input" time="3.577"/>
  <system-out/>
</testsuite> <!-- Practice.WriteResponseWithInput -->
