<?xml version="1.0" encoding="UTF-8"?>
<!-- Generated by org.testng.reporters.JUnitReportReporter -->
<testsuite hostname="LAPTOP-3289GG6B" failures="0" tests="1" name="RequestChanning.RmgYantra1st" time="1.998" errors="0" timestamp="2023-01-02T15:59:55 IST" skipped="0">
  <testcase classname="RequestChanning.RmgYantra1st" name="requestchain" time="1.998"/>
  <system-out/>
</testsuite> <!-- RequestChanning.RmgYantra1st -->
