<?xml version="1.0" encoding="UTF-8"?>
<!-- Generated by org.testng.reporters.JUnitReportReporter -->
<testsuite hostname="LAPTOP-3289GG6B" failures="0" tests="2" name="DiffrentWayPost.DataProviderExecution" time="1.068" errors="0" timestamp="2022-12-29T12:46:07 IST" skipped="0">
  <testcase classname="DiffrentWayPost.DataProviderExecution" name="createproject" time="0.038"/>
  <system-out/>
  <testcase classname="DiffrentWayPost.DataProviderExecution" name="createproject" time="1.030"/>
  <system-out/>
</testsuite> <!-- DiffrentWayPost.DataProviderExecution -->
