<?xml version="1.0" encoding="UTF-8"?>
<!-- Generated by org.testng.reporters.JUnitReportReporter -->
<testsuite hostname="LAPTOP-3289GG6B" failures="0" tests="1" name="Reqres.PostUserWitthPojoClass" time="2.666" errors="0" timestamp="2022-12-31T15:40:23 IST" skipped="0">
  <testcase classname="Reqres.PostUserWitthPojoClass" name="addUser" time="2.666"/>
  <system-out/>
</testsuite> <!-- Reqres.PostUserWitthPojoClass -->
