<?xml version="1.0" encoding="UTF-8"?>
<!-- Generated by org.testng.reporters.JUnitReportReporter -->
<testsuite hostname="LAPTOP-3289GG6B" failures="0" tests="1" name="Reqres.UpdateUserUsingPatch" time="3.341" errors="0" timestamp="2022-12-31T13:00:03 IST" skipped="0">
  <testcase classname="Reqres.UpdateUserUsingPatch" name="patchupdate" time="3.341"/>
  <system-out/>
</testsuite> <!-- Reqres.UpdateUserUsingPatch -->
