<?xml version="1.0" encoding="UTF-8"?>
<!-- Generated by org.testng.reporters.JUnitReportReporter -->
<testsuite hostname="LAPTOP-3289GG6B" failures="0" tests="1" name="CRUD.AddProject" time="2.208" errors="0" timestamp="2022-12-27T13:08:43 IST" skipped="0">
  <testcase classname="CRUD.AddProject" name="addFirst" time="2.208"/>
  <system-out/>
</testsuite> <!-- CRUD.AddProject -->
