<?xml version="1.0" encoding="UTF-8"?>
<!-- Generated by org.testng.reporters.JUnitReportReporter -->
<testsuite hostname="LAPTOP-3289GG6B" failures="0" tests="1" name="SerializationWithArray" time="0.008" errors="0" timestamp="2022-12-26T16:26:15 IST" skipped="0">
  <testcase classname="SerializationWithArray" name="serializationArray" time="0.008"/>
  <system-out/>
</testsuite> <!-- SerializationWithArray -->
