<?xml version="1.0" encoding="UTF-8"?>
<!-- Generated by org.testng.reporters.JUnitReportReporter -->
<testsuite hostname="LAPTOP-3289GG6B" failures="0" tests="1" name="Autication.BariarToken" time="2.382" errors="0" timestamp="2023-01-02T16:40:06 IST" skipped="0">
  <testcase classname="Autication.BariarToken" name="gitauth" time="2.382"/>
  <system-out/>
</testsuite> <!-- Autication.BariarToken -->
