<?xml version="1.0" encoding="UTF-8"?>
<!-- Generated by org.testng.reporters.JUnitReportReporter -->
<testsuite hostname="LAPTOP-3289GG6B" failures="0" tests="1" name="Autication.BasicAuth" time="1.295" errors="0" timestamp="2023-01-02T16:08:55 IST" skipped="0">
  <testcase classname="Autication.BasicAuth" name="auth" time="1.295"/>
  <system-out/>
</testsuite> <!-- Autication.BasicAuth -->
