<?xml version="1.0" encoding="UTF-8"?>
<!-- Generated by org.testng.reporters.JUnitReportReporter -->
<testsuite hostname="LAPTOP-3289GG6B" failures="0" tests="1" name="GirlFriendDetails" time="0.144" errors="0" timestamp="2022-12-26T16:00:40 IST" skipped="0">
  <testcase classname="GirlFriendDetails" name="SerializationWithObject" time="0.144"/>
  <system-out/>
</testsuite> <!-- GirlFriendDetails -->
