<?xml version="1.0" encoding="UTF-8"?>
<!-- Generated by org.testng.reporters.JUnitReportReporter -->
<testsuite hostname="LAPTOP-3289GG6B" failures="0" tests="1" name="CRUDWithBDD.AddProject" time="2.205" errors="0" timestamp="2023-01-02T13:09:23 IST" skipped="0">
  <testcase classname="CRUDWithBDD.AddProject" name="addFirst" time="2.205"/>
  <system-out/>
</testsuite> <!-- CRUDWithBDD.AddProject -->
