<?xml version="1.0" encoding="UTF-8"?>
<!-- Generated by org.testng.reporters.JUnitReportReporter -->
<testsuite hostname="LAPTOP-3289GG6B" failures="0" tests="1" name="Autication.BearerToken" time="3.102" errors="0" timestamp="2023-01-02T17:07:20 IST" skipped="0">
  <testcase classname="Autication.BearerToken" name="gitauth" time="3.102"/>
  <system-out/>
</testsuite> <!-- Autication.BearerToken -->
