<?xml version="1.0" encoding="UTF-8"?>
<!-- Generated by org.testng.reporters.JUnitReportReporter -->
<testsuite hostname="LAPTOP-3289GG6B" failures="0" tests="1" name="Validation.StatusLineValidation" time="1.250" errors="0" timestamp="2022-12-29T17:35:28 IST" skipped="0">
  <testcase classname="Validation.StatusLineValidation" name="statusline" time="1.250"/>
  <system-out/>
</testsuite> <!-- Validation.StatusLineValidation -->
