<?xml version="1.0" encoding="UTF-8"?>
<!-- Generated by org.testng.reporters.JUnitReportReporter -->
<testsuite hostname="LAPTOP-3289GG6B" failures="0" tests="1" name="DeserializationEmpDetails" time="0.164" errors="0" timestamp="2022-12-26T17:34:48 IST" skipped="0">
  <testcase classname="DeserializationEmpDetails" name="deserialization" time="0.164"/>
  <system-out/>
</testsuite> <!-- DeserializationEmpDetails -->
